Using pre-set license
Built from '2021.3/staging' branch; Version is '2021.3.3f1 (af2e63e8f9bd) revision 11480675'; Using compiler version '192829333'; Build Type 'Release'
OS: 'Windows 11  (10.0.22000) 64bit Core' Language: 'en' Physical Memory: 15741 MB
BatchMode: 1, IsHumanControllingUs: 0, StartBugReporterOnCrash: 0, Is64bit: 1, IsPro: 1

COMMAND LINE ARGUMENTS:
C:\Program Files\Unity\Hub\Editor\2021.3.3f1\Editor\Unity.exe
-adb2
-batchMode
-noUpm
-name
AssetImportWorker2
-projectPath
C:/Users/advik/Desktop/CurryVisionGames/big balls simulator
-logFile
Logs/AssetImportWorker2.log
-srvPort
59904
Successfully changed project path to: C:/Users/advik/Desktop/CurryVisionGames/big balls simulator
C:/Users/advik/Desktop/CurryVisionGames/big balls simulator
[UnityMemory] Configuration Parameters - Can be set up in boot.config
    "memorysetup-bucket-allocator-granularity=16"
    "memorysetup-bucket-allocator-bucket-count=8"
    "memorysetup-bucket-allocator-block-size=33554432"
    "memorysetup-bucket-allocator-block-count=8"
    "memorysetup-main-allocator-block-size=16777216"
    "memorysetup-thread-allocator-block-size=16777216"
    "memorysetup-gfx-main-allocator-block-size=16777216"
    "memorysetup-gfx-thread-allocator-block-size=16777216"
    "memorysetup-cache-allocator-block-size=4194304"
    "memorysetup-typetree-allocator-block-size=2097152"
    "memorysetup-profiler-bucket-allocator-granularity=16"
    "memorysetup-profiler-bucket-allocator-bucket-count=8"
    "memorysetup-profiler-bucket-allocator-block-size=33554432"
    "memorysetup-profiler-bucket-allocator-block-count=8"
    "memorysetup-profiler-allocator-block-size=16777216"
    "memorysetup-profiler-editor-allocator-block-size=1048576"
    "memorysetup-temp-allocator-size-main=16777216"
    "memorysetup-job-temp-allocator-block-size=2097152"
    "memorysetup-job-temp-allocator-block-size-background=1048576"
    "memorysetup-job-temp-allocator-reduction-small-platforms=262144"
    "memorysetup-temp-allocator-size-background-worker=32768"
    "memorysetup-temp-allocator-size-job-worker=262144"
    "memorysetup-temp-allocator-size-preload-manager=33554432"
    "memorysetup-temp-allocator-size-nav-mesh-worker=65536"
    "memorysetup-temp-allocator-size-audio-worker=65536"
    "memorysetup-temp-allocator-size-cloud-worker=32768"
    "memorysetup-temp-allocator-size-gi-baking-worker=262144"
    "memorysetup-temp-allocator-size-gfx=262144"
Refreshing native plugins compatible for Editor in 103.87 ms, found 3 plugins.
Preloading 0 native plugins for Editor in 0.00 ms.
Initialize engine version: 2021.3.3f1 (af2e63e8f9bd)
[Subsystems] Discovering subsystems at path C:/Program Files/Unity/Hub/Editor/2021.3.3f1/Editor/Data/Resources/UnitySubsystems
[Subsystems] Discovering subsystems at path C:/Users/advik/Desktop/CurryVisionGames/big balls simulator/Assets
GfxDevice: creating device client; threaded=0; jobified=0
Direct3D:
    Version:  Direct3D 11.0 [level 11.1]
    Renderer: NVIDIA GeForce GTX 1660 Ti (ID=0x2191)
    Vendor:   NVIDIA
    VRAM:     5991 MB
    Driver:   30.0.15.1179
Initialize mono
Mono path[0] = 'C:/Program Files/Unity/Hub/Editor/2021.3.3f1/Editor/Data/Managed'
Mono path[1] = 'C:/Program Files/Unity/Hub/Editor/2021.3.3f1/Editor/Data/MonoBleedingEdge/lib/mono/unityjit-win32'
Mono config path = 'C:/Program Files/Unity/Hub/Editor/2021.3.3f1/Editor/Data/MonoBleedingEdge/etc'
Using monoOptions --debugger-agent=transport=dt_socket,embedding=1,server=y,suspend=n,address=127.0.0.1:56200
Begin MonoManager ReloadAssembly
Registering precompiled unity dll's ...
Register platform support module: C:/Program Files/Unity/Hub/Editor/2021.3.3f1/Editor/Data/PlaybackEngines/WebGLSupport/UnityEditor.WebGL.Extensions.dll
Register platform support module: C:/Program Files/Unity/Hub/Editor/2021.3.3f1/Editor/Data/PlaybackEngines/WindowsStandaloneSupport/UnityEditor.WindowsStandalone.Extensions.dll
Registered in 0.006127 seconds.
Native extension for WindowsStandalone target not found
Native extension for WebGL target not found
Refreshing native plugins compatible for Editor in 107.73 ms, found 3 plugins.
Preloading 0 native plugins for Editor in 0.00 ms.
Mono: successfully reloaded assembly
- Completed reload, in  0.651 seconds
Domain Reload Profiling:
	ReloadAssembly (652ms)
		BeginReloadAssembly (65ms)
			ExecutionOrderSort (0ms)
			DisableScriptedObjects (0ms)
			BackupInstance (0ms)
			ReleaseScriptingObjects (0ms)
			CreateAndSetChildDomain (1ms)
		EndReloadAssembly (481ms)
			LoadAssemblies (63ms)
			RebuildTransferFunctionScriptingTraits (0ms)
			SetupTypeCache (106ms)
			ReleaseScriptCaches (0ms)
			RebuildScriptCaches (27ms)
			SetupLoadedEditorAssemblies (299ms)
				LogAssemblyErrors (0ms)
				InitializePlatformSupportModulesInManaged (9ms)
				SetLoadedEditorAssemblies (0ms)
				RefreshPlugins (108ms)
				BeforeProcessingInitializeOnLoad (1ms)
				ProcessInitializeOnLoadAttributes (135ms)
				ProcessInitializeOnLoadMethodAttributes (46ms)
				AfterProcessingInitializeOnLoad (0ms)
				EditorAssembliesLoaded (0ms)
			ExecutionOrderSort2 (0ms)
			AwakeInstancesAfterBackupRestoration (0ms)
Platform modules already initialized, skipping
Registering precompiled user dll's ...
Registered in 0.004925 seconds.
Begin MonoManager ReloadAssembly
Symbol file LoadedFromMemory doesn't match image C:\Users\advik\Desktop\CurryVisionGames\big balls simulator\Library\PackageCache\com.unity.visualscripting@1.7.6\Editor\VisualScripting.Core\Dependencies\YamlDotNet\Unity.VisualScripting.YamlDotNet.dll
Symbol file LoadedFromMemory doesn't match image C:\Users\advik\Desktop\CurryVisionGames\big balls simulator\Library\PackageCache\com.unity.visualscripting@1.7.6\Editor\VisualScripting.Core\Dependencies\DotNetZip\Unity.VisualScripting.IonicZip.dll
Native extension for WindowsStandalone target not found
Native extension for WebGL target not found
Refreshing native plugins compatible for Editor in 0.93 ms, found 3 plugins.
Preloading 0 native plugins for Editor in 0.00 ms.
Mono: successfully reloaded assembly
- Completed reload, in  1.120 seconds
Domain Reload Profiling:
	ReloadAssembly (1121ms)
		BeginReloadAssembly (112ms)
			ExecutionOrderSort (0ms)
			DisableScriptedObjects (5ms)
			BackupInstance (0ms)
			ReleaseScriptingObjects (0ms)
			CreateAndSetChildDomain (22ms)
		EndReloadAssembly (887ms)
			LoadAssemblies (82ms)
			RebuildTransferFunctionScriptingTraits (0ms)
			SetupTypeCache (268ms)
			ReleaseScriptCaches (1ms)
			RebuildScriptCaches (59ms)
			SetupLoadedEditorAssemblies (433ms)
				LogAssemblyErrors (0ms)
				InitializePlatformSupportModulesInManaged (6ms)
				SetLoadedEditorAssemblies (0ms)
				RefreshPlugins (1ms)
				BeforeProcessingInitializeOnLoad (100ms)
				ProcessInitializeOnLoadAttributes (286ms)
				ProcessInitializeOnLoadMethodAttributes (32ms)
				AfterProcessingInitializeOnLoad (7ms)
				EditorAssembliesLoaded (0ms)
			ExecutionOrderSort2 (0ms)
			AwakeInstancesAfterBackupRestoration (9ms)
Platform modules already initialized, skipping
========================================================================
Worker process is ready to serve import requests
Launched and connected shader compiler UnityShaderCompiler.exe after 0.06 seconds
Refreshing native plugins compatible for Editor in 0.91 ms, found 3 plugins.
Preloading 0 native plugins for Editor in 0.00 ms.
Unloading 3546 Unused Serialized files (Serialized files now loaded: 0)
Unloading 38 unused Assets / (1.3 MB). Loaded Objects now: 3992.
Memory consumption went from 130.9 MB to 129.6 MB.
Total: 4.129600 ms (FindLiveObjects: 0.403400 ms CreateObjectMapping: 0.309000 ms MarkObjects: 2.934300 ms  DeleteObjects: 0.480600 ms)

AssetImportParameters requested are different than current active one (requested -> active):
  custom:video-decoder-ogg-theora: a1e56fd34408186e4bbccfd4996cb3dc -> 
  custom:container-muxer-webm: aa71ff27fc2769a1b78a27578f13a17b -> 
  custom:container-demuxer-webm: 4f35f7cbe854078d1ac9338744f61a02 -> 
  custom:video-encoder-webm-vp8: eb34c28f22e8b96e1ab97ce403110664 -> 
  custom:video-codec-MediaFoundation-h265: 746d11721c4dcdbdad8f713fa42b33f4 -> 
  custom:audio-encoder-webm-vorbis: bf7c407c2cedff20999df2af8eb42d56 -> 
  custom:framework-win-MediaFoundation: 216162199b28c13a410421893ffa2e32 -> 
  custom:container-demuxer-ogg: 62fdf1f143b41e24485cea50d1cbac27 -> 
  custom:video-decoder-webm-vp8: 9c59270c3fd7afecdb556c50c9e8de78 -> 
  custom:audio-decoder-ogg-vorbis: bf7c407c2cedff20999df2af8eb42d56 -> 
========================================================================
Received Import Request.
  Time since last request: 134829.772226 seconds.
  path: Assets/FurnishedCabin/Meshes/Collision/Sofa_COL.fbx
  artifactKey: Guid(11cb8f2b3f982469d93c5d02a9d42f9d) Importer(815301076,1909f56bfc062723c751e8b465ee728b)
Start importing Assets/FurnishedCabin/Meshes/Collision/Sofa_COL.fbx using Guid(11cb8f2b3f982469d93c5d02a9d42f9d) Importer(815301076,1909f56bfc062723c751e8b465ee728b)  -> (artifact id: '09f274d4fed30f508916d276480c1308') in 0.155429 seconds 
========================================================================
Received Import Request.
  Time since last request: 0.000041 seconds.
  path: Assets/FurnishedCabin/Meshes/Materials/Chairs_MAT.mat
  artifactKey: Guid(d6a229c0f47dadf42b20d706185b565a) Importer(815301076,1909f56bfc062723c751e8b465ee728b)
Start importing Assets/FurnishedCabin/Meshes/Materials/Chairs_MAT.mat using Guid(d6a229c0f47dadf42b20d706185b565a) Importer(815301076,1909f56bfc062723c751e8b465ee728b)  -> (artifact id: 'd92276f0e8772fe9d5d08aa0f08a7bb1') in 0.074689 seconds 
========================================================================
Received Import Request.
  Time since last request: 0.000050 seconds.
  path: Assets/FurnishedCabin/Meshes/Collision/OvenExhaustFan_COL.fbx
  artifactKey: Guid(203b4e2552c554764988e86dec00c628) Importer(815301076,1909f56bfc062723c751e8b465ee728b)
Start importing Assets/FurnishedCabin/Meshes/Collision/OvenExhaustFan_COL.fbx using Guid(203b4e2552c554764988e86dec00c628) Importer(815301076,1909f56bfc062723c751e8b465ee728b)  -> (artifact id: 'e2e2439a6f985ff4b7e16437f24c217f') in 0.030736 seconds 
========================================================================
Received Import Request.
  Time since last request: 0.000032 seconds.
  path: Assets/FurnishedCabin/Meshes/Collision/Lamp_COL.fbx
  artifactKey: Guid(03aa0a6c084b64eaa8b7de7b3e09d4ef) Importer(815301076,1909f56bfc062723c751e8b465ee728b)
Start importing Assets/FurnishedCabin/Meshes/Collision/Lamp_COL.fbx using Guid(03aa0a6c084b64eaa8b7de7b3e09d4ef) Importer(815301076,1909f56bfc062723c751e8b465ee728b)  -> (artifact id: '2153c4fddae6b83da2616234aa9943ca') in 0.065156 seconds 
========================================================================
Received Import Request.
  Time since last request: 0.000030 seconds.
  path: Assets/FurnishedCabin/Meshes/Materials/BuildingB_MAT.mat
  artifactKey: Guid(675e6ce36fc642b48ae4d1d5d0c7cfe1) Importer(815301076,1909f56bfc062723c751e8b465ee728b)
Start importing Assets/FurnishedCabin/Meshes/Materials/BuildingB_MAT.mat using Guid(675e6ce36fc642b48ae4d1d5d0c7cfe1) Importer(815301076,1909f56bfc062723c751e8b465ee728b)  -> (artifact id: '12fc86384a39ede65a4a25d3ef846296') in 0.036377 seconds 
========================================================================
Received Import Request.
  Time since last request: 0.000045 seconds.
  path: Assets/FurnishedCabin/Meshes/Collision/Towel_COL.fbx
  artifactKey: Guid(444fd71340cd341ed805718909ec10a3) Importer(815301076,1909f56bfc062723c751e8b465ee728b)
Start importing Assets/FurnishedCabin/Meshes/Collision/Towel_COL.fbx using Guid(444fd71340cd341ed805718909ec10a3) Importer(815301076,1909f56bfc062723c751e8b465ee728b)  -> (artifact id: '07c4209e1274bfbad62751b4c6c407e5') in 0.025423 seconds 
========================================================================
Received Import Request.
  Time since last request: 0.000033 seconds.
  path: Assets/FurnishedCabin/Meshes/Collision/Shower_COL.fbx
  artifactKey: Guid(9469670e6db654dafa07295c971a3b53) Importer(815301076,1909f56bfc062723c751e8b465ee728b)
Start importing Assets/FurnishedCabin/Meshes/Collision/Shower_COL.fbx using Guid(9469670e6db654dafa07295c971a3b53) Importer(815301076,1909f56bfc062723c751e8b465ee728b)  -> (artifact id: 'bc7d30b305278ee08fd91f22a43296b2') in 0.031937 seconds 
========================================================================
Received Import Request.
  Time since last request: 0.000032 seconds.
  path: Assets/FurnishedCabin/Meshes/Collision/Stove_COL.fbx
  artifactKey: Guid(4f415ecbe66194046bbee713e3cf231c) Importer(815301076,1909f56bfc062723c751e8b465ee728b)
Start importing Assets/FurnishedCabin/Meshes/Collision/Stove_COL.fbx using Guid(4f415ecbe66194046bbee713e3cf231c) Importer(815301076,1909f56bfc062723c751e8b465ee728b)  -> (artifact id: '0bed267873b598a46af56660a1b34edc') in 0.024013 seconds 
========================================================================
Received Import Request.
  Time since last request: 0.000034 seconds.
  path: Assets/FurnishedCabin/Meshes/Materials/Doors_TVStand_MAT.mat
  artifactKey: Guid(cdbe46314d4b7ab4ca61d18f0462c8ba) Importer(815301076,1909f56bfc062723c751e8b465ee728b)
Start importing Assets/FurnishedCabin/Meshes/Materials/Doors_TVStand_MAT.mat using Guid(cdbe46314d4b7ab4ca61d18f0462c8ba) Importer(815301076,1909f56bfc062723c751e8b465ee728b)  -> (artifact id: 'e704b2c9be404af02af3038d225319d7') in 0.026311 seconds 
========================================================================
Received Import Request.
  Time since last request: 2.724362 seconds.
  path: Assets/FurnishedCabin/Meshes/Basket.fbx
  artifactKey: Guid(b2faaff453e184e16b2caab0bf62ec2d) Importer(815301076,1909f56bfc062723c751e8b465ee728b)
Start importing Assets/FurnishedCabin/Meshes/Basket.fbx using Guid(b2faaff453e184e16b2caab0bf62ec2d) Importer(815301076,1909f56bfc062723c751e8b465ee728b)  -> (artifact id: '3f2c3441f601f15d7193e4e9ddee243e') in 0.041670 seconds 
========================================================================
Received Import Request.
  Time since last request: 0.000023 seconds.
  path: Assets/FurnishedCabin/Meshes/LightCover.fbx
  artifactKey: Guid(2c3e54670f1114c709157026c232cfeb) Importer(815301076,1909f56bfc062723c751e8b465ee728b)
Start importing Assets/FurnishedCabin/Meshes/LightCover.fbx using Guid(2c3e54670f1114c709157026c232cfeb) Importer(815301076,1909f56bfc062723c751e8b465ee728b)  -> (artifact id: '048ed21df9a8012d6acc8bd235ba59b6') in 0.031722 seconds 
========================================================================
Received Import Request.
  Time since last request: 0.000028 seconds.
  path: Assets/FurnishedCabin/Meshes/TVStand.fbx
  artifactKey: Guid(49a6824fe442d4dbbbf83484cbb57db1) Importer(815301076,1909f56bfc062723c751e8b465ee728b)
Start importing Assets/FurnishedCabin/Meshes/TVStand.fbx using Guid(49a6824fe442d4dbbbf83484cbb57db1) Importer(815301076,1909f56bfc062723c751e8b465ee728b)  -> (artifact id: '49b1d917689bbdf271839b0ac1e6c9d8') in 0.059420 seconds 
========================================================================
Received Import Request.
  Time since last request: 0.000026 seconds.
  path: Assets/FurnishedCabin/Meshes/Towel.fbx
  artifactKey: Guid(c3c06bf3731094f39bb21b24568f8a72) Importer(815301076,1909f56bfc062723c751e8b465ee728b)
Start importing Assets/FurnishedCabin/Meshes/Towel.fbx using Guid(c3c06bf3731094f39bb21b24568f8a72) Importer(815301076,1909f56bfc062723c751e8b465ee728b)  -> (artifact id: '5c4f3d4b6071c8282eb4ce485072d3ba') in 0.038327 seconds 
========================================================================
Received Import Request.
  Time since last request: 0.000039 seconds.
  path: Assets/FurnishedCabin/Meshes/Carpet.fbx
  artifactKey: Guid(b82ea09c564244770861a67c8c28a0db) Importer(815301076,1909f56bfc062723c751e8b465ee728b)
Start importing Assets/FurnishedCabin/Meshes/Carpet.fbx using Guid(b82ea09c564244770861a67c8c28a0db) Importer(815301076,1909f56bfc062723c751e8b465ee728b)  -> (artifact id: 'bd1c0b707b20495605247954d951301c') in 0.042833 seconds 
========================================================================
Received Import Request.
  Time since last request: 0.000035 seconds.
  path: Assets/FurnishedCabin/Meshes/Sphere.fbx
  artifactKey: Guid(8c8ba908765f8584e9f2948b64581a1a) Importer(815301076,1909f56bfc062723c751e8b465ee728b)
Start importing Assets/FurnishedCabin/Meshes/Sphere.fbx using Guid(8c8ba908765f8584e9f2948b64581a1a) Importer(815301076,1909f56bfc062723c751e8b465ee728b)  -> (artifact id: '658ef16583852a64c66e95f48b2f192a') in 0.139601 seconds 
========================================================================
Received Import Request.
  Time since last request: 0.000032 seconds.
  path: Assets/FurnishedCabin/Meshes/Stove.fbx
  artifactKey: Guid(22ec64bba89e94704b5b0eeee5767c9c) Importer(815301076,1909f56bfc062723c751e8b465ee728b)
Start importing Assets/FurnishedCabin/Meshes/Stove.fbx using Guid(22ec64bba89e94704b5b0eeee5767c9c) Importer(815301076,1909f56bfc062723c751e8b465ee728b)  -> (artifact id: '1942bfa82f3f0eeebe2441ae9814a20f') in 0.034924 seconds 
========================================================================
Received Import Request.
  Time since last request: 0.000045 seconds.
  path: Assets/FurnishedCabin/Meshes/BuildingModular.fbx
  artifactKey: Guid(d4cfb0dac2f1d23438d76065a0e8f08c) Importer(815301076,1909f56bfc062723c751e8b465ee728b)
Start importing Assets/FurnishedCabin/Meshes/BuildingModular.fbx using Guid(d4cfb0dac2f1d23438d76065a0e8f08c) Importer(815301076,1909f56bfc062723c751e8b465ee728b)  -> (artifact id: 'f88066167e7d8882302553eb20ec38df') in 0.146031 seconds 
========================================================================
Received Import Request.
  Time since last request: 7.609749 seconds.
  path: Assets/FurnishedCabin/Meshes/Kitchen_Counter.fbx
  artifactKey: Guid(85f35ad016cbdb3488fe1cf676bcd743) Importer(815301076,1909f56bfc062723c751e8b465ee728b)
Start importing Assets/FurnishedCabin/Meshes/Kitchen_Counter.fbx using Guid(85f35ad016cbdb3488fe1cf676bcd743) Importer(815301076,1909f56bfc062723c751e8b465ee728b)  -> (artifact id: 'bc98e1a159cab07989dbeaa4cf5144f3') in 0.067828 seconds 
========================================================================
Received Import Request.
  Time since last request: 93.683549 seconds.
  path: Assets/FurnishedCabin/Prefabs
  artifactKey: Guid(d74d475fc0f824076a57d6ba4337ea6d) Importer(815301076,1909f56bfc062723c751e8b465ee728b)
Start importing Assets/FurnishedCabin/Prefabs using Guid(d74d475fc0f824076a57d6ba4337ea6d) Importer(815301076,1909f56bfc062723c751e8b465ee728b)  -> (artifact id: 'e4df8e4fc30cdd6d745e448c15ac5b4b') in 0.002129 seconds 
========================================================================
Received Import Request.
  Time since last request: 13.762120 seconds.
  path: Assets/FurnishedCabin/Prefabs/Kitchen_Counter.prefab
  artifactKey: Guid(5ae5e6d615b69a14db28edc40565876f) Importer(815301076,1909f56bfc062723c751e8b465ee728b)
Start importing Assets/FurnishedCabin/Prefabs/Kitchen_Counter.prefab using Guid(5ae5e6d615b69a14db28edc40565876f) Importer(815301076,1909f56bfc062723c751e8b465ee728b)  -> (artifact id: 'a2747fe53d3d6edb9d68fb7ac2bff224') in 0.007829 seconds 
========================================================================
Received Import Request.
  Time since last request: 15.363694 seconds.
  path: Assets/FurnishedCabin/Prefabs/PFB_Kitchen_Counter.prefab
  artifactKey: Guid(5ae5e6d615b69a14db28edc40565876f) Importer(815301076,1909f56bfc062723c751e8b465ee728b)
Start importing Assets/FurnishedCabin/Prefabs/PFB_Kitchen_Counter.prefab using Guid(5ae5e6d615b69a14db28edc40565876f) Importer(815301076,1909f56bfc062723c751e8b465ee728b)  -> (artifact id: '32e1edfc5787db9ac37f44b56c77d3fb') in 0.007361 seconds 
========================================================================
Received Import Request.
  Time since last request: 17.798237 seconds.
  path: Assets/FurnishedCabin/Prefabs/PFB_Kitchen_Counter.prefab
  artifactKey: Guid(5ae5e6d615b69a14db28edc40565876f) Importer(815301076,1909f56bfc062723c751e8b465ee728b)
Start importing Assets/FurnishedCabin/Prefabs/PFB_Kitchen_Counter.prefab using Guid(5ae5e6d615b69a14db28edc40565876f) Importer(815301076,1909f56bfc062723c751e8b465ee728b)  -> (artifact id: '89597cfea69cceb1f1629db535621b20') in 0.004390 seconds 
========================================================================
Received Import Request.
  Time since last request: 63.199804 seconds.
  path: Assets/FurnishedCabin/Prefabs/PFB_Kitchen_Counter.prefab
  artifactKey: Guid(5ae5e6d615b69a14db28edc40565876f) Importer(815301076,1909f56bfc062723c751e8b465ee728b)
Start importing Assets/FurnishedCabin/Prefabs/PFB_Kitchen_Counter.prefab using Guid(5ae5e6d615b69a14db28edc40565876f) Importer(815301076,1909f56bfc062723c751e8b465ee728b)  -> (artifact id: '2cefdb5463edf9eaab7f102a4d85b4df') in 0.005243 seconds 
========================================================================
Received Import Request.
  Time since last request: 71.118533 seconds.
  path: Assets/FurnishedCabin/Prefabs/PFB_Kitchen_Counter.prefab
  artifactKey: Guid(5ae5e6d615b69a14db28edc40565876f) Importer(815301076,1909f56bfc062723c751e8b465ee728b)
Start importing Assets/FurnishedCabin/Prefabs/PFB_Kitchen_Counter.prefab using Guid(5ae5e6d615b69a14db28edc40565876f) Importer(815301076,1909f56bfc062723c751e8b465ee728b)  -> (artifact id: 'd8fab5bbcb9d6872639e55cfce9bfbbf') in 0.057757 seconds 
========================================================================
Received Import Request.
  Time since last request: 38.398193 seconds.
  path: Assets/FurnishedCabin/Prefabs/PFB_Kitchen_Counter.prefab
  artifactKey: Guid(5ae5e6d615b69a14db28edc40565876f) Importer(815301076,1909f56bfc062723c751e8b465ee728b)
Start importing Assets/FurnishedCabin/Prefabs/PFB_Kitchen_Counter.prefab using Guid(5ae5e6d615b69a14db28edc40565876f) Importer(815301076,1909f56bfc062723c751e8b465ee728b)  -> (artifact id: 'aaf7aa36655ea991ec976f17233ef832') in 0.021186 seconds 
========================================================================
Received Import Request.
  Time since last request: 41.167054 seconds.
  path: Assets/FurnishedCabin/Prefabs/PFB_Kitchen_Counter.prefab
  artifactKey: Guid(5ae5e6d615b69a14db28edc40565876f) Importer(815301076,1909f56bfc062723c751e8b465ee728b)
Start importing Assets/FurnishedCabin/Prefabs/PFB_Kitchen_Counter.prefab using Guid(5ae5e6d615b69a14db28edc40565876f) Importer(815301076,1909f56bfc062723c751e8b465ee728b)  -> (artifact id: 'cba42be820acdd29b69ef341ae7c6b8e') in 0.039242 seconds 
========================================================================
Received Import Request.
  Time since last request: 54.672489 seconds.
  path: Assets/FurnishedCabin/Prefabs/PFB_Kitchen_Counter.prefab
  artifactKey: Guid(5ae5e6d615b69a14db28edc40565876f) Importer(815301076,1909f56bfc062723c751e8b465ee728b)
Start importing Assets/FurnishedCabin/Prefabs/PFB_Kitchen_Counter.prefab using Guid(5ae5e6d615b69a14db28edc40565876f) Importer(815301076,1909f56bfc062723c751e8b465ee728b)  -> (artifact id: '0cbf8cd71dee726c426c9ac374e0290b') in 0.017864 seconds 
========================================================================
Received Import Request.
  Time since last request: 410.567063 seconds.
  path: Assets/FurnishedCabin/Scenes/Demo/LightingData.asset
  artifactKey: Guid(b5171b226b5a5bf4798fee9218d0bceb) Importer(815301076,1909f56bfc062723c751e8b465ee728b)
Start importing Assets/FurnishedCabin/Scenes/Demo/LightingData.asset using Guid(b5171b226b5a5bf4798fee9218d0bceb) Importer(815301076,1909f56bfc062723c751e8b465ee728b)  -> (artifact id: 'd3cb9ae703bab96edc5cb6e380c00085') in 0.015263 seconds 
========================================================================
Received Import Request.
  Time since last request: 0.000037 seconds.
  path: Assets/FurnishedCabin/Scenes/Demo/Lightmap-2_comp_dir.exr
  artifactKey: Guid(e670b3e489ff2b847b29493ae5da93c8) Importer(815301076,1909f56bfc062723c751e8b465ee728b)
Start importing Assets/FurnishedCabin/Scenes/Demo/Lightmap-2_comp_dir.exr using Guid(e670b3e489ff2b847b29493ae5da93c8) Importer(815301076,1909f56bfc062723c751e8b465ee728b)  -> (artifact id: '6cf227cfeddda065fa68449c118b852a') in 0.040627 seconds 
========================================================================
Received Import Request.
  Time since last request: 0.000036 seconds.
  path: Assets/FurnishedCabin/Scenes/Demo/Lightmap-0_comp_light.exr
  artifactKey: Guid(d8e6db6a074c8ad4e9aab4d98bed6206) Importer(815301076,1909f56bfc062723c751e8b465ee728b)
Start importing Assets/FurnishedCabin/Scenes/Demo/Lightmap-0_comp_light.exr using Guid(d8e6db6a074c8ad4e9aab4d98bed6206) Importer(815301076,1909f56bfc062723c751e8b465ee728b)  -> (artifact id: '5c5a958039ed9a63167ff854049af6b7') in 0.028591 seconds 
========================================================================
Received Import Request.
  Time since last request: 0.000059 seconds.
  path: Assets/FurnishedCabin/Scenes/Demo/ReflectionProbe-1.png
  artifactKey: Guid(17a01549b451c684eba2aa2aede78b35) Importer(815301076,1909f56bfc062723c751e8b465ee728b)
Start importing Assets/FurnishedCabin/Scenes/Demo/ReflectionProbe-1.png using Guid(17a01549b451c684eba2aa2aede78b35) Importer(815301076,1909f56bfc062723c751e8b465ee728b)  -> (artifact id: '371421d65953b683ba108a92b5331ae2') in 0.065637 seconds 
========================================================================
Received Import Request.
  Time since last request: 0.000043 seconds.
  path: Assets/FurnishedCabin/Scenes/Demo/Lightmap-1_comp_dir.exr
  artifactKey: Guid(c1bffb1b5fe5ae84e802946be39ffdb7) Importer(815301076,1909f56bfc062723c751e8b465ee728b)
Start importing Assets/FurnishedCabin/Scenes/Demo/Lightmap-1_comp_dir.exr using Guid(c1bffb1b5fe5ae84e802946be39ffdb7) Importer(815301076,1909f56bfc062723c751e8b465ee728b)  -> (artifact id: '815c3f00f1defe983934ab22a54673b1') in 0.025720 seconds 
Editor requested this worker to shutdown with reason: Scaling down because of idle timeout
AssetImportWorker is now disconnected from the server
Process exiting
Exiting without the bug reporter. Application will terminate with return code 0